<?xml version='1.0' ?><testsuites datetime="2017-08-15_11-40-07-841"><systeminfo sdkversion="6.0" devicetype="FD5551C-SU" platformchiptype="Mstar_938" funuiversion="FunUI_v3.0" /><testsuite name="com.example.zhengjin.funsettingsuitest.testcases.TestGeneralSettings"><testcase classname="TestGeneralSettings" methodname="test11TitleNameOfSettingsPage" time="21.8s" testresult="pass" /><testcase classname="TestGeneralSettings" methodname="test12DeviceNameDefaultValue" time="21.5s" testresult="pass" /><testcase classname="TestGeneralSettings" methodname="test13DeviceNameSubValues" time="22.7s" testresult="pass" /><testcase classname="TestGeneralSettings" methodname="test14_01SelectDeviceName" time="33.8s" testresult="pass" /><testcase classname="TestGeneralSettings" methodname="test14_02SelfDefineDeviceNameAndCancel" time="33.9s" testresult="pass" /><testcase classname="TestGeneralSettings" methodname="test14_03SelfDefineDeviceNameAndConfirm" time="37.1s" testresult="pass" /><testcase classname="TestGeneralSettings" methodname="test14_04SelfDefineEmptyNameAndConfirm" time="40.3s" testresult="pass" /><testcase classname="TestGeneralSettings" methodname="test15_01OpenAdvancedSettingItem" time="29.7s" testresult="pass" /><testcase classname="TestGeneralSettings" methodname="test15_02FullScreenSettingItemOnAdvance" time="29.7s" testresult="pass" /><testcase classname="TestGeneralSettings" methodname="test15_03ScreenProjectionSettingItemOnAdvance" time="29.7s" testresult="pass" /><testcase classname="TestGeneralSettings" methodname="test15_04ExternalSettingItemsIsHidden" time="35.4s" testresult="pass" /><testcase classname="TestGeneralSettings" methodname="test16_01SleepTimeDefaultValue" time="29.8s" testresult="pass" /><testcase classname="TestGeneralSettings" methodname="test16_02SleepTimeSubValues" time="48.0s" testresult="pass" /><testcase classname="TestGeneralSettings" methodname="test16_03SelectSleepTime" time="33.7s" testresult="pass" /><testcase classname="TestGeneralSettings" methodname="test17_01TitleAndValueOfSetShutDownTime" time="30.4s" testresult="pass" /><testcase classname="TestGeneralSettings" methodname="test17_02TitleAndTipsOnSetShutDownTimeDialog" time="33.0s" testresult="pass" /><testcase classname="TestGeneralSettings" methodname="test17_03ShutDownTimeCheckboxOnDialog" time="34.8s" testresult="pass" /><testcase classname="TestGeneralSettings" methodname="test17_04TimesControlOnShutDownTimeDialog" time="33.2s" testresult="pass" /><testcase classname="TestGeneralSettings" methodname="test17_05EditHoursControlOnShutDownTimeDialog" time="42.0s" testresult="pass" /><testcase classname="TestGeneralSettings" methodname="test17_06EditMinutesControlOnSetShutDownTimeDialog" time="44.0s" testresult="pass" /><testcase classname="TestGeneralSettings" methodname="test17_11SetShutDownTimeAndSave" time="47.2s" testresult="pass" /><testcase classname="TestGeneralSettings" methodname="test17_14UnsetShutDownTime" time="34.1s" testresult="pass" /><testcase classname="TestGeneralSettings" methodname="test17_15SetShutDownTimeLessThanFiveMinutes" time="41.0s" testresult="pass" /><testcase classname="TestGeneralSettings" methodname="test18_01ScreenSaverDefaultValue" time="21.6s" testresult="pass" /><testcase classname="TestGeneralSettings" methodname="test18_02SelectScreenSaver" time="31.7s" testresult="pass" /><testcase classname="TestGeneralSettings" methodname="test18_03ScreenSaverSubValues" time="41.8s" testresult="pass" /><testcase classname="TestGeneralSettings" methodname="test21InstallUnknownAppDefaultValue" time="21.7s" testresult="pass" /><testcase classname="TestGeneralSettings" methodname="test22AllowedInstallUnknownAppAndCancel" time="30.8s" testresult="pass" /><testcase classname="TestGeneralSettings" methodname="test23AllowedInstallUnknownAppAndConfirm" time="30.8s" testresult="pass" /><testcase classname="TestGeneralSettings" methodname="test24ForbiddenInstallUnknownApp" time="31.8s" testresult="pass" /><testcase classname="TestGeneralSettings" methodname="test25SystemRecoverDialogAndClickCancel" time="26.2s" testresult="pass" /><testcase classname="TestGeneralSettings" methodname="test26SaveInfoOnSystemRecoverDialog" time="27.4s" testresult="pass" /><testcase classname="TestGeneralSettings" methodname="test31WallpaperDefaultValue" time="21.5s" testresult="pass" /><testcase classname="TestGeneralSettings" methodname="test32SubWallpapersOnSelectPage" time="32.8s" testresult="pass" /><testcase classname="TestGeneralSettings" methodname="test33SelectWallpaper" time="33.9s" testresult="pass" /><testcase classname="TestGeneralSettings" methodname="test34InputMethodDefaultValue" time="21.5s" testresult="pass" /><testcase classname="TestGeneralSettings" methodname="test35SelectInputMethod" time="35.8s" testresult="pass" /><testcase classname="TestGeneralSettings" methodname="test41SystemLanguageSettingItemOnAdvance" time="29.8s" testresult="pass" /><testcase classname="TestGeneralSettings" methodname="test42SubValuesOfSystemLanguageSettingItem" time="36.0s" testresult="pass" /><testcase classname="TestGeneralSettings" methodname="test43SetSystemLanguageAndCancel" time="39.0s" testresult="pass" /><testcase classname="TestGeneralSettings" methodname="test44ItemsTitleOnAdvanceAfterSetLanguageAsEnglish" time="49.4s" testresult="pass" /><testcase classname="TestGeneralSettings" methodname="test45ItemsTitleOnMainAfterSetLanguageAsEnglish" time="50.5s" testresult="pass" /><testcase classname="TestGeneralSettings" methodname="test99ClearUpAfterAllTestCasesDone" time="21.5s" testresult="pass" /><suiteinfo count="43" runtime="1423.4s" /></testsuite><testsuite name="com.example.zhengjin.funsettingsuitest.testcases.TestAboutInfoPage"><testcase classname="TestAboutInfoPage" methodname="test01_01AboutInfoPageTitle" time="9.1s" testresult="pass" /><testcase classname="TestAboutInfoPage" methodname="test01_02HiddenAppsVersionItemOnAboutInfo" time="14.7s" testresult="pass" /><testcase classname="TestAboutInfoPage" methodname="test01_03OpenHiddenAppsVersionSubPage" time="18.8s" testresult="pass" /><testcase classname="TestAboutInfoPage" methodname="test02ProductInfoItemOnAboutInfo" time="9.9s" testresult="pass" /><testcase classname="TestAboutInfoPage" methodname="test03TitleAndQrCodeOnProductInfoSubPage" time="12.6s" testresult="pass" /><testcase classname="TestAboutInfoPage" methodname="test04_01TvNameOnProductInfoSubPage" time="12.6s" testresult="pass" /><testcase classname="TestAboutInfoPage" methodname="test04_02TvModelOnProductInfoSubPage" time="12.6s" testresult="failed"><failure message="Verify the device model item value."><trace>junit.framework.AssertionFailedError: Verify the device model item value.
	at junit.framework.Assert.fail(Assert.java:50)
	at junit.framework.Assert.assertTrue(Assert.java:20)
	at com.example.zhengjin.funsettingsuitest.testcases.TestAboutInfoPage.test04_02TvModelOnProductInfoSubPage(TestAboutInfoPage.java:214)
	at java.lang.reflect.Method.invoke(Native Method)
	at org.junit.runners.model.FrameworkMethod$1.runReflectiveCall(FrameworkMethod.java:50)
	at org.junit.internal.runners.model.ReflectiveCallable.run(ReflectiveCallable.java:12)
	at org.junit.runners.model.FrameworkMethod.invokeExplosively(FrameworkMethod.java:47)
	at org.junit.internal.runners.statements.InvokeMethod.evaluate(InvokeMethod.java:17)
	at org.junit.internal.runners.statements.RunBefores.evaluate(RunBefores.java:26)
	at org.junit.internal.runners.statements.RunAfters.evaluate(RunAfters.java:27)
	at org.junit.runners.ParentRunner.runLeaf(ParentRunner.java:325)
	at org.junit.runners.BlockJUnit4ClassRunner.runChild(BlockJUnit4ClassRunner.java:78)
	at org.junit.runners.BlockJUnit4ClassRunner.runChild(BlockJUnit4ClassRunner.java:57)
	at org.junit.runners.ParentRunner$3.run(ParentRunner.java:290)
	at org.junit.runners.ParentRunner$1.schedule(ParentRunner.java:71)
	at org.junit.runners.ParentRunner.runChildren(ParentRunner.java:288)
	at org.junit.runners.ParentRunner.access$000(ParentRunner.java:58)
	at org.junit.runners.ParentRunner$2.evaluate(ParentRunner.java:268)
	at org.junit.internal.runners.statements.RunBefores.evaluate(RunBefores.java:26)
	at org.junit.runners.ParentRunner.run(ParentRunner.java:363)
	at org.junit.runners.Suite.runChild(Suite.java:128)
	at org.junit.runners.Suite.runChild(Suite.java:27)
	at org.junit.runners.ParentRunner$3.run(ParentRunner.java:290)
	at org.junit.runners.ParentRunner$1.schedule(ParentRunner.java:71)
	at org.junit.runners.ParentRunner.runChildren(ParentRunner.java:288)
	at org.junit.runners.ParentRunner.access$000(ParentRunner.java:58)
	at org.junit.runners.ParentRunner$2.evaluate(ParentRunner.java:268)
	at org.junit.runners.ParentRunner.run(ParentRunner.java:363)
	at org.junit.runners.Suite.runChild(Suite.java:128)
	at org.junit.runners.Suite.runChild(Suite.java:27)
	at org.junit.runners.ParentRunner$3.run(ParentRunner.java:290)
	at org.junit.runners.ParentRunner$1.schedule(ParentRunner.java:71)
	at org.junit.runners.ParentRunner.runChildren(ParentRunner.java:288)
	at org.junit.runners.ParentRunner.access$000(ParentRunner.java:58)
	at org.junit.runners.ParentRunner$2.evaluate(ParentRunner.java:268)
	at org.junit.runners.ParentRunner.run(ParentRunner.java:363)
	at org.junit.runner.JUnitCore.run(JUnitCore.java:137)
	at org.junit.runner.JUnitCore.run(JUnitCore.java:115)
	at android.support.test.internal.runner.TestExecutor.execute(TestExecutor.java:59)
	at android.support.test.runner.AndroidJUnitRunner.onStart(AndroidJUnitRunner.java:262)
	at android.app.Instrumentation$InstrumentationThread.run(Instrumentation.java:1879)
</trace></failure></testcase><testcase classname="TestAboutInfoPage" methodname="test04_03TvRomSizeOnProductInfoSubPage" time="12.7s" testresult="pass" /><testcase classname="TestAboutInfoPage" methodname="test04_04TvSeriesIdOnProductInfoSubPage" time="12.6s" testresult="pass" /><testcase classname="TestAboutInfoPage" methodname="test04_05HiddenFullInfoOnProductInfo" time="15.3s" testresult="failed"><failure message="Verify device model value on hidden product information page."><trace>junit.framework.AssertionFailedError: Verify device model value on hidden product information page.
	at junit.framework.Assert.fail(Assert.java:50)
	at junit.framework.Assert.assertTrue(Assert.java:20)
	at com.example.zhengjin.funsettingsuitest.testcases.TestAboutInfoPage.test04_05HiddenFullInfoOnProductInfo(TestAboutInfoPage.java:296)
	at java.lang.reflect.Method.invoke(Native Method)
	at org.junit.runners.model.FrameworkMethod$1.runReflectiveCall(FrameworkMethod.java:50)
	at org.junit.internal.runners.model.ReflectiveCallable.run(ReflectiveCallable.java:12)
	at org.junit.runners.model.FrameworkMethod.invokeExplosively(FrameworkMethod.java:47)
	at org.junit.internal.runners.statements.InvokeMethod.evaluate(InvokeMethod.java:17)
	at org.junit.internal.runners.statements.RunBefores.evaluate(RunBefores.java:26)
	at org.junit.internal.runners.statements.RunAfters.evaluate(RunAfters.java:27)
	at org.junit.runners.ParentRunner.runLeaf(ParentRunner.java:325)
	at org.junit.runners.BlockJUnit4ClassRunner.runChild(BlockJUnit4ClassRunner.java:78)
	at org.junit.runners.BlockJUnit4ClassRunner.runChild(BlockJUnit4ClassRunner.java:57)
	at org.junit.runners.ParentRunner$3.run(ParentRunner.java:290)
	at org.junit.runners.ParentRunner$1.schedule(ParentRunner.java:71)
	at org.junit.runners.ParentRunner.runChildren(ParentRunner.java:288)
	at org.junit.runners.ParentRunner.access$000(ParentRunner.java:58)
	at org.junit.runners.ParentRunner$2.evaluate(ParentRunner.java:268)
	at org.junit.internal.runners.statements.RunBefores.evaluate(RunBefores.java:26)
	at org.junit.runners.ParentRunner.run(ParentRunner.java:363)
	at org.junit.runners.Suite.runChild(Suite.java:128)
	at org.junit.runners.Suite.runChild(Suite.java:27)
	at org.junit.runners.ParentRunner$3.run(ParentRunner.java:290)
	at org.junit.runners.ParentRunner$1.schedule(ParentRunner.java:71)
	at org.junit.runners.ParentRunner.runChildren(ParentRunner.java:288)
	at org.junit.runners.ParentRunner.access$000(ParentRunner.java:58)
	at org.junit.runners.ParentRunner$2.evaluate(ParentRunner.java:268)
	at org.junit.runners.ParentRunner.run(ParentRunner.java:363)
	at org.junit.runners.Suite.runChild(Suite.java:128)
	at org.junit.runners.Suite.runChild(Suite.java:27)
	at org.junit.runners.ParentRunner$3.run(ParentRunner.java:290)
	at org.junit.runners.ParentRunner$1.schedule(ParentRunner.java:71)
	at org.junit.runners.ParentRunner.runChildren(ParentRunner.java:288)
	at org.junit.runners.ParentRunner.access$000(ParentRunner.java:58)
	at org.junit.runners.ParentRunner$2.evaluate(ParentRunner.java:268)
	at org.junit.runners.ParentRunner.run(ParentRunner.java:363)
	at org.junit.runner.JUnitCore.run(JUnitCore.java:137)
	at org.junit.runner.JUnitCore.run(JUnitCore.java:115)
	at android.support.test.internal.runner.TestExecutor.execute(TestExecutor.java:59)
	at android.support.test.runner.AndroidJUnitRunner.onStart(AndroidJUnitRunner.java:262)
	at android.app.Instrumentation$InstrumentationThread.run(Instrumentation.java:1879)
</trace></failure></testcase><testcase classname="TestAboutInfoPage" methodname="test06NetworkInfoItemOnAboutInfo" time="9.4s" testresult="pass" /><testcase classname="TestAboutInfoPage" methodname="test07NetworkStatusInfoOnSubPage" time="13.6s" testresult="pass" /><testcase classname="TestAboutInfoPage" methodname="test08NetworkWiredInfoOnSubPage" time="13.6s" testresult="pass" /><testcase classname="TestAboutInfoPage" methodname="test09NetworkWirelessInfoMacOnSubPage" time="13.7s" testresult="pass" /><testcase classname="TestAboutInfoPage" methodname="test11QuestionFeedbackItem" time="9.5s" testresult="pass" /><testcase classname="TestAboutInfoPage" methodname="test12ContentAndMenuInQuestionFeedbackSubPage" time="16.8s" testresult="pass" /><testcase classname="TestAboutInfoPage" methodname="test13ButtonsInFeedbackMenuOfSubPage" time="16.8s" testresult="pass" /><testcase classname="TestAboutInfoPage" methodname="test14StartAndStopCatchLogOnFeedbackSubPage" time="37.2s" testresult="pass" /><testcase classname="TestAboutInfoPage" methodname="test15DumpLogToDiskOnFeedbackSubPage" time="26.7s" testresult="pass" /><testcase classname="TestAboutInfoPage" methodname="test17SystemVersionItemOnAboutInfo" time="9.5s" testresult="pass" /><testcase classname="TestAboutInfoPage" methodname="test18PlayControllerItemOnAboutInfo" time="9.4s" testresult="pass" /><testcase classname="TestAboutInfoPage" methodname="test21LawInfoItemOnAboutInfo" time="9.5s" testresult="pass" /><testcase classname="TestAboutInfoPage" methodname="test22TitleAndItemsOnLawInfoSubPage" time="16.7s" testresult="pass" /><testcase classname="TestAboutInfoPage" methodname="test23TitleAndContentOnCopyRightProtectSubPage" time="19.7s" testresult="pass" /><testcase classname="TestAboutInfoPage" methodname="test24TitleAndContentOnPrivacyPolicySubPage" time="20.8s" testresult="pass" /><testcase classname="TestAboutInfoPage" methodname="test25TitleAndContentOnUserAgreementSubPage" time="21.8s" testresult="pass" /><testcase classname="TestAboutInfoPage" methodname="test99ClearUpAfterAllTestCasesDone" time="9.5s" testresult="pass" /><suiteinfo count="27" runtime="406.1s" /></testsuite><testsuite name="com.example.zhengjin.funsettingsuitest.testcases.TestImageAndSoundConfigs"><testcase classname="TestImageAndSoundConfigs" methodname="test01TitleOfImageAndSoundSettingsPage" time="8.1s" testresult="pass" /><testcase classname="TestImageAndSoundConfigs" methodname="test02TitleOfImageParamsSettingItem" time="8.4s" testresult="pass" /><testcase classname="TestImageAndSoundConfigs" methodname="test03TitleAndDefaultValueOfPressKeySoundSettingItem" time="8.4s" testresult="pass" /><testcase classname="TestImageAndSoundConfigs" methodname="test04TurnOffPressKeySoundSettingItem" time="16.9s" testresult="pass" /><testcase classname="TestImageAndSoundConfigs" methodname="test05TitleAndDefaultValueOfAudioAroundSettingItem" time="8.6s" testresult="pass" /><testcase classname="TestImageAndSoundConfigs" methodname="test06TurnOnAudioAroundSettingItem" time="17.8s" testresult="pass" /><testcase classname="TestImageAndSoundConfigs" methodname="test07ShowSavePowerModeHiddenItem" time="10.8s" testresult="pass" /><testcase classname="TestImageAndSoundConfigs" methodname="test08TitleAndValueOfCECRemoteControl" time="8.5s" testresult="pass" /><testcase classname="TestImageAndSoundConfigs" methodname="test0901TitleAndDefaultValueOfPlayClarity" time="8.4s" testresult="pass" /><testcase classname="TestImageAndSoundConfigs" methodname="test0902SubValuesOfPlayClarity" time="14.7s" testresult="pass" /><testcase classname="TestImageAndSoundConfigs" methodname="test11TitleAndDefaultValueOfColorTmpOnImageParams" time="13.8s" testresult="pass" /><testcase classname="TestImageAndSoundConfigs" methodname="test12SubValuesOfColorTmpOnImageParams" time="39.3s" testresult="pass" /><testcase classname="TestImageAndSoundConfigs" methodname="test13TitleAndDefaultValueOfBackLightOnImageParams" time="13.7s" testresult="pass" /><testcase classname="TestImageAndSoundConfigs" methodname="test14SetValueOfBackLightOnImageParams" time="18.1s" testresult="failed"><failure message="expected:&lt;[9]&gt; but was:&lt;[8]&gt;"><trace>junit.framework.ComparisonFailure: expected:&lt;[9]&gt; but was:&lt;[8]&gt;
	at junit.framework.Assert.assertEquals(Assert.java:85)
	at junit.framework.Assert.assertEquals(Assert.java:91)
	at com.example.zhengjin.funsettingsuitest.testcases.TestImageAndSoundConfigs.test14SetValueOfBackLightOnImageParams(TestImageAndSoundConfigs.java:358)
	at java.lang.reflect.Method.invoke(Native Method)
	at org.junit.runners.model.FrameworkMethod$1.runReflectiveCall(FrameworkMethod.java:50)
	at org.junit.internal.runners.model.ReflectiveCallable.run(ReflectiveCallable.java:12)
	at org.junit.runners.model.FrameworkMethod.invokeExplosively(FrameworkMethod.java:47)
	at org.junit.internal.runners.statements.InvokeMethod.evaluate(InvokeMethod.java:17)
	at org.junit.internal.runners.statements.RunBefores.evaluate(RunBefores.java:26)
	at org.junit.internal.runners.statements.RunAfters.evaluate(RunAfters.java:27)
	at org.junit.runners.ParentRunner.runLeaf(ParentRunner.java:325)
	at org.junit.runners.BlockJUnit4ClassRunner.runChild(BlockJUnit4ClassRunner.java:78)
	at org.junit.runners.BlockJUnit4ClassRunner.runChild(BlockJUnit4ClassRunner.java:57)
	at org.junit.runners.ParentRunner$3.run(ParentRunner.java:290)
	at org.junit.runners.ParentRunner$1.schedule(ParentRunner.java:71)
	at org.junit.runners.ParentRunner.runChildren(ParentRunner.java:288)
	at org.junit.runners.ParentRunner.access$000(ParentRunner.java:58)
	at org.junit.runners.ParentRunner$2.evaluate(ParentRunner.java:268)
	at org.junit.internal.runners.statements.RunBefores.evaluate(RunBefores.java:26)
	at org.junit.runners.ParentRunner.run(ParentRunner.java:363)
	at org.junit.runners.Suite.runChild(Suite.java:128)
	at org.junit.runners.Suite.runChild(Suite.java:27)
	at org.junit.runners.ParentRunner$3.run(ParentRunner.java:290)
	at org.junit.runners.ParentRunner$1.schedule(ParentRunner.java:71)
	at org.junit.runners.ParentRunner.runChildren(ParentRunner.java:288)
	at org.junit.runners.ParentRunner.access$000(ParentRunner.java:58)
	at org.junit.runners.ParentRunner$2.evaluate(ParentRunner.java:268)
	at org.junit.runners.ParentRunner.run(ParentRunner.java:363)
	at org.junit.runners.Suite.runChild(Suite.java:128)
	at org.junit.runners.Suite.runChild(Suite.java:27)
	at org.junit.runners.ParentRunner$3.run(ParentRunner.java:290)
	at org.junit.runners.ParentRunner$1.schedule(ParentRunner.java:71)
	at org.junit.runners.ParentRunner.runChildren(ParentRunner.java:288)
	at org.junit.runners.ParentRunner.access$000(ParentRunner.java:58)
	at org.junit.runners.ParentRunner$2.evaluate(ParentRunner.java:268)
	at org.junit.runners.ParentRunner.run(ParentRunner.java:363)
	at org.junit.runner.JUnitCore.run(JUnitCore.java:137)
	at org.junit.runner.JUnitCore.run(JUnitCore.java:115)
	at android.support.test.internal.runner.TestExecutor.execute(TestExecutor.java:59)
	at android.support.test.runner.AndroidJUnitRunner.onStart(AndroidJUnitRunner.java:262)
	at android.app.Instrumentation$InstrumentationThread.run(Instrumentation.java:1879)
</trace></failure></testcase><testcase classname="TestImageAndSoundConfigs" methodname="test21TitleAndDefaultValueOfBrightnessOnImageParams" time="13.8s" testresult="pass" /><testcase classname="TestImageAndSoundConfigs" methodname="test22SetValueOfBrightnessOnImageParams" time="24.1s" testresult="pass" /><testcase classname="TestImageAndSoundConfigs" methodname="test23TitleAndDefaultValueOfContrastOnImageParams" time="13.9s" testresult="pass" /><testcase classname="TestImageAndSoundConfigs" methodname="test24SetValueOfContrastOnImageParams" time="26.0s" testresult="pass" /><testcase classname="TestImageAndSoundConfigs" methodname="test25TitleAndDefaultValueOfSaturationOnImageParams" time="13.8s" testresult="pass" /><testcase classname="TestImageAndSoundConfigs" methodname="test26SetValueOfSaturationOnImageParams" time="26.5s" testresult="pass" /><testcase classname="TestImageAndSoundConfigs" methodname="test27TitleOfResetAllToDefaultOnImageParams" time="13.8s" testresult="pass" /><testcase classname="TestImageAndSoundConfigs" methodname="test28ValuesSetToDefaultAfterResetOnImageParams" time="25.4s" testresult="pass" /><testcase classname="TestImageAndSoundConfigs" methodname="test99ClearUpAfterAllTestCasesDone" time="8.6s" testresult="pass" /><suiteinfo count="23" runtime="362.1s" /></testsuite><testsuite name="com.example.zhengjin.funsettingsuitest.testcases.TestNetworkConfigs"><testcase classname="TestNetworkConfigs" methodname="test01TitleTextOfNetworkConfigsPage" time="25.9s" testresult="pass" /><testcase classname="TestNetworkConfigs" methodname="test02WiredNetworkItemTitleAndStatusConnected" time="25.2s" testresult="pass" /><testcase classname="TestNetworkConfigs" methodname="test03ManualSettingOffOnWiredNetworkConfigsPage" time="27.3s" testresult="pass" /><testcase classname="TestNetworkConfigs" methodname="test04IpAndMaskOnWiredNetworkConfigsPage" time="29.5s" testresult="pass" /><testcase classname="TestNetworkConfigs" methodname="test05GatewayAndDnsOnWiredNetworkConfigsPage" time="29.6s" testresult="pass" /><testcase classname="TestNetworkConfigs" methodname="test06WifiHotSpotItemTitleAndStatusOff" time="25.5s" testresult="pass" /><testcase classname="TestNetworkConfigs" methodname="test11WifiHotSpotsListWhenWifiDefaultOpened" time="25.1s" testresult="pass" /><testcase classname="TestNetworkConfigs" methodname="test12TurnOffAndOnWifiNetwork" time="61.0s" testresult="pass" /><testcase classname="TestNetworkConfigs" methodname="test15OpenAndConfigItemsOfQuickConnectView" time="28.6s" testresult="pass" /><testcase classname="TestNetworkConfigs" methodname="test99ClearUpAfterAllTestCasesDone" time="25.8s" testresult="pass" /><suiteinfo count="10" runtime="304.1s" /></testsuite><testsuite name="com.example.zhengjin.funsettingsuitest.testcases.TestFileManager"><testcase classname="TestFileManager" methodname="test13OpenAllFilesCardFromSdcardTab" time="11.4s" testresult="pass" /><testcase classname="TestFileManager" methodname="test14NavigateToSpecifiedPath" time="23.1s" testresult="pass" /><testcase classname="TestFileManager" methodname="test16OpenUnknownTypeFile" time="23.0s" testresult="pass" /><testcase classname="TestFileManager" methodname="test21MenuHideBtnExistForDir" time="27.4s" testresult="pass" /><testcase classname="TestFileManager" methodname="test22MenuRemoveAndHideBtnExistForFile" time="27.1s" testresult="pass" /><testcase classname="TestFileManager" methodname="test23HideAndShowDirectory" time="36.3s" testresult="pass" /><testcase classname="TestFileManager" methodname="test24HideAndShowFile" time="33.2s" testresult="pass" /><testcase classname="TestFileManager" methodname="test25RemoveFileAndCancel" time="29.1s" testresult="pass" /><testcase classname="TestFileManager" methodname="test26RemoveFileAndConfirm" time="29.0s" testresult="pass" /><testcase classname="TestFileManager" methodname="test27HideAndShowOnlyFileOfDirectory" time="35.2s" testresult="pass" /><testcase classname="TestFileManager" methodname="test28RemoveOnlyFileOfDirectory" time="32.2s" testresult="pass" /><testcase classname="TestFileManager" methodname="test31MessageWhenEmptyForAppCard" time="14.8s" testresult="pass" /><testcase classname="TestFileManager" methodname="test41_01HideVideoFile" time="47.4s" testresult="pass" /><testcase classname="TestFileManager" methodname="test41_02ShowVideoFile" time="45.4s" testresult="pass" /><testcase classname="TestFileManager" methodname="test41_03HideVideoDirectory" time="38.9s" testresult="pass" /><testcase classname="TestFileManager" methodname="test41_04ShowVideoDirectory" time="39.2s" testresult="pass" /><testcase classname="TestFileManager" methodname="test41_05RemoveVideoFileFromLocalDir" time="47.3s" testresult="pass" /><testcase classname="TestFileManager" methodname="test41_06RemoveVideoFileFromVideoCategory" time="47.4s" testresult="pass" /><testcase classname="TestFileManager" methodname="test41_07MessageWhenEmptyForVideoCard" time="15.0s" testresult="pass" /><testcase classname="TestFileManager" methodname="test42_01OpenPictureFile" time="32.7s" testresult="pass" /><testcase classname="TestFileManager" methodname="test42_02RemovePictureFileFromLocalDir" time="33.6s" testresult="pass" /><testcase classname="TestFileManager" methodname="test42_03RemovePictureFileFromPicCategory" time="28.2s" testresult="pass" /><testcase classname="TestFileManager" methodname="test42_04MessageWhenEmptyForPictureCard" time="14.8s" testresult="pass" /><testcase classname="TestFileManager" methodname="test43_02MessageWhenEmptyForMusicCard" time="14.8s" testresult="pass" /><testcase classname="TestFileManager" methodname="test99ClearUpAfterAllTestCasesDone" time="8.8s" testresult="pass" /><suiteinfo count="25" runtime="736.3s" /></testsuite><testsuite name="com.example.zhengjin.funsettingsuitest.testcases.TestWeather"><testcase classname="TestWeather" methodname="test11DefaultLocatedCity" time="17.2s" testresult="pass" /><testcase classname="TestWeather" methodname="test12BottomTipOnWeatherHome" time="15.9s" testresult="pass" /><testcase classname="TestWeather" methodname="test13WeatherForecastDates" time="14.9s" testresult="pass" /><testcase classname="TestWeather" methodname="test14FunctionButtonsInMenu" time="17.2s" testresult="pass" /><testcase classname="TestWeather" methodname="test15UpdateWeatherData" time="22.1s" testresult="pass" /><testcase classname="TestWeather" methodname="test21_01TitleAndLocationListOnAddCityPage" time="23.9s" testresult="pass" /><testcase classname="TestWeather" methodname="test21_02AddCityAndCancel" time="38.3s" testresult="pass" /><testcase classname="TestWeather" methodname="test21_03AddNewCityWeather" time="38.3s" testresult="pass" /><testcase classname="TestWeather" methodname="test21_04AddDuplicatedCity" time="38.1s" testresult="pass" /><testcase classname="TestWeather" methodname="test23_01TitleAndLocationListOnAddDefaultPage" time="24.0s" testresult="pass" /><testcase classname="TestWeather" methodname="test23_02AddDefaultCityAndCancel" time="40.2s" testresult="pass" /><testcase classname="TestWeather" methodname="test23_03AddDefaultCityWeather" time="40.3s" testresult="pass" /><testcase classname="TestWeather" methodname="test23_04HomeCityAfterAddDefaultCity" time="15.6s" testresult="pass" /><testcase classname="TestWeather" methodname="test25_01ModifyDefaultCity" time="39.1s" testresult="pass" /><testcase classname="TestWeather" methodname="test25_02HomeCityAfterModifyDefaultCity" time="15.3s" testresult="pass" /><testcase classname="TestWeather" methodname="test25_03ReAddDefaultCity" time="28.1s" testresult="pass" /><testcase classname="TestWeather" methodname="test27CityListSequenceAfterUpdates" time="22.0s" testresult="pass" /><testcase classname="TestWeather" methodname="test31DeleteButtonOnMenu" time="17.0s" testresult="pass" /><testcase classname="TestWeather" methodname="test32_01DeleteCityAndCancel" time="30.0s" testresult="pass" /><testcase classname="TestWeather" methodname="test32_02DeleteCityAndConfirm" time="33.2s" testresult="pass" /><testcase classname="TestWeather" methodname="test33_01DeleteDefaultCityAndCancel" time="28.3s" testresult="pass" /><testcase classname="TestWeather" methodname="test33_02DeleteDefaultCityAndConfirm" time="29.7s" testresult="pass" /><testcase classname="TestWeather" methodname="test36HomeCityAndDeleteBtnNotExistForOnlyOneCity" time="19.0s" testresult="pass" /><testcase classname="TestWeather" methodname="test99ClearUpAfterAllTestCasesDone" time="14.9s" testresult="pass" /><suiteinfo count="24" runtime="622.9s" /></testsuite><testsuite name="com.example.zhengjin.funsettingsuitest.testcases.TestHomeVideoTab"><testcase classname="TestHomeVideoTab" methodname="test31OpenFactoryMenuFromSignalSourceDialog" time="14.2s" testresult="failed"><failure message="navigateToSpecifiedMainTab, failed to focus on tab: &#30005;&#35270;"><trace>junit.framework.AssertionFailedError: navigateToSpecifiedMainTab, failed to focus on tab: &#30005;&#35270;
	at junit.framework.Assert.fail(Assert.java:50)
	at junit.framework.Assert.assertTrue(Assert.java:20)
	at com.example.zhengjin.funsettingsuitest.testuitasks.TaskLauncher.navigateToSpecifiedMainTab(TaskLauncher.java:130)
	at com.example.zhengjin.funsettingsuitest.testuitasks.TaskVideoHomeTab.focusedOnSignalSourceCardOnHomeTvTab(TaskVideoHomeTab.java:257)
	at com.example.zhengjin.funsettingsuitest.testuitasks.TaskVideoHomeTab.openSignalSourceDialog(TaskVideoHomeTab.java:249)
	at com.example.zhengjin.funsettingsuitest.testcases.TestHomeVideoTab.test31OpenFactoryMenuFromSignalSourceDialog(TestHomeVideoTab.java:200)
	at java.lang.reflect.Method.invoke(Native Method)
	at org.junit.runners.model.FrameworkMethod$1.runReflectiveCall(FrameworkMethod.java:50)
	at org.junit.internal.runners.model.ReflectiveCallable.run(ReflectiveCallable.java:12)
	at org.junit.runners.model.FrameworkMethod.invokeExplosively(FrameworkMethod.java:47)
	at org.junit.internal.runners.statements.InvokeMethod.evaluate(InvokeMethod.java:17)
	at org.junit.internal.runners.statements.RunBefores.evaluate(RunBefores.java:26)
	at org.junit.internal.runners.statements.RunAfters.evaluate(RunAfters.java:27)
	at org.junit.runners.ParentRunner.runLeaf(ParentRunner.java:325)
	at org.junit.runners.BlockJUnit4ClassRunner.runChild(BlockJUnit4ClassRunner.java:78)
	at org.junit.runners.BlockJUnit4ClassRunner.runChild(BlockJUnit4ClassRunner.java:57)
	at org.junit.runners.ParentRunner$3.run(ParentRunner.java:290)
	at org.junit.runners.ParentRunner$1.schedule(ParentRunner.java:71)
	at org.junit.runners.ParentRunner.runChildren(ParentRunner.java:288)
	at org.junit.runners.ParentRunner.access$000(ParentRunner.java:58)
	at org.junit.runners.ParentRunner$2.evaluate(ParentRunner.java:268)
	at org.junit.runners.ParentRunner.run(ParentRunner.java:363)
	at org.junit.runners.Suite.runChild(Suite.java:128)
	at org.junit.runners.Suite.runChild(Suite.java:27)
	at org.junit.runners.ParentRunner$3.run(ParentRunner.java:290)
	at org.junit.runners.ParentRunner$1.schedule(ParentRunner.java:71)
	at org.junit.runners.ParentRunner.runChildren(ParentRunner.java:288)
	at org.junit.runners.ParentRunner.access$000(ParentRunner.java:58)
	at org.junit.runners.ParentRunner$2.evaluate(ParentRunner.java:268)
	at org.junit.runners.ParentRunner.run(ParentRunner.java:363)
	at org.junit.runners.Suite.runChild(Suite.java:128)
	at org.junit.runners.Suite.runChild(Suite.java:27)
	at org.junit.runners.ParentRunner$3.run(ParentRunner.java:290)
	at org.junit.runners.ParentRunner$1.schedule(ParentRunner.java:71)
	at org.junit.runners.ParentRunner.runChildren(ParentRunner.java:288)
	at org.junit.runners.ParentRunner.access$000(ParentRunner.java:58)
	at org.junit.runners.ParentRunner$2.evaluate(ParentRunner.java:268)
	at org.junit.runners.ParentRunner.run(ParentRunner.java:363)
	at org.junit.runner.JUnitCore.run(JUnitCore.java:137)
	at org.junit.runner.JUnitCore.run(JUnitCore.java:115)
	at android.support.test.internal.runner.TestExecutor.execute(TestExecutor.java:59)
	at android.support.test.runner.AndroidJUnitRunner.onStart(AndroidJUnitRunner.java:262)
	at android.app.Instrumentation$InstrumentationThread.run(Instrumentation.java:1879)
</trace></failure></testcase><testcase classname="TestHomeVideoTab" methodname="test99ClearUpAfterAllTestCasesDone" time="6.2s" testresult="pass" /><suiteinfo count="2" runtime="20.4s" /></testsuite><summary runtime="3876.3s" total="169" totalfailed="4" totalpass="150" ignore="15" /></testsuites>